#
# There is insufficient memory for the Java Runtime Environment to continue.
# Native memory allocation (malloc) failed to allocate 254976 bytes for Chunk::new
# Possible reasons:
#   The system is out of physical RAM or swap space
#   The process is running with CompressedOops enabled, and the Java Heap may be blocking the growth of the native heap
# Possible solutions:
#   Reduce memory load on the system
#   Increase physical memory or swap space
#   Check if swap backing store is full
#   Decrease Java heap size (-Xmx/-Xms)
#   Decrease number of Java threads
#   Decrease Java thread stack sizes (-Xss)
#   Set larger code cache with -XX:ReservedCodeCacheSize=
#   JVM is running with Unscaled Compressed Oops mode in which the Java heap is
#     placed in the first 4GB address space. The Java Heap base address is the
#     maximum limit for the native heap growth. Please use -XX:HeapBaseMinAddress
#     to set the Java Heap base and to place the Java Heap above 4GB virtual address.
# This output file may be truncated or incomplete.
#
#  Out of Memory Error (t:/workspace/open/src/hotspot/share/memory/arena.cpp:197), pid=22760, tid=10708
#
# JRE version: Java(TM) SE Runtime Environment (12.0.2+10) (build 12.0.2+10)
# Java VM: Java HotSpot(TM) 64-Bit Server VM (12.0.2+10, mixed mode, sharing, tiered, compressed oops, g1 gc, windows-amd64)
# No core dump will be written. Minidumps are not enabled by default on client versions of Windows
#

---------------  S U M M A R Y ------------

Command Line: -javaagent:C:\Program Files\JetBrains\IntelliJ IDEA 2019.3\lib\idea_rt.jar=64766:C:\Program Files\JetBrains\IntelliJ IDEA 2019.3\bin -Dfile.encoding=UTF-8 tankrotationexample.Launcher

Host: Intel(R) Core(TM) i5-7400 CPU @ 3.00GHz, 4 cores, 7G,  Windows 10 , 64 bit Build 18362 (10.0.18362.959)
Time: Mon Aug  3 03:11:15 2020 Pacific Daylight Time elapsed time: 3 seconds (0d 0h 0m 3s)

---------------  T H R E A D  ---------------

Current thread (0x000001fd3b12e000):  JavaThread "C2 CompilerThread0" daemon [_thread_in_native, id=10708, stack(0x00000049f2200000,0x00000049f2300000)]


Current CompileTask:
C2:   3548 1294   !   4       sun.java2d.pipe.DrawImage::renderImageCopy (147 bytes)

Stack: [0x00000049f2200000,0x00000049f2300000]
Native frames: (J=compiled Java code, j=interpreted, Vv=VM code, C=native code)
V  [jvm.dll+0x63aa2a]
V  [jvm.dll+0x78ce1e]
V  [jvm.dll+0x78e4c1]
V  [jvm.dll+0x78eb13]
V  [jvm.dll+0x2627e8]
V  [jvm.dll+0xc55cc]
V  [jvm.dll+0xc5b4c]
V  [jvm.dll+0x2d4034]
V  [jvm.dll+0x5569ad]
V  [jvm.dll+0x21de8e]
V  [jvm.dll+0x21b2b6]
V  [jvm.dll+0x199a20]
V  [jvm.dll+0x22a744]
V  [jvm.dll+0x228d98]
V  [jvm.dll+0x7512a0]
V  [jvm.dll+0x74a2c8]
V  [jvm.dll+0x639b16]
C  [ucrtbase.dll+0x20e82]
C  [KERNEL32.DLL+0x17bd4]
C  [ntdll.dll+0x6ce51]


---------------  P R O C E S S  ---------------

Threads class SMR info:
_java_thread_list=0x000001fd46676670, length=18, elements={
0x000001fd3b110000, 0x000001fd3b112000, 0x000001fd3b129800, 0x000001fd3b12b800,
0x000001fd3b12e000, 0x000001fd3b13d800, 0x000001fd3b133800, 0x000001fd3bb67000,
0x000001fd3bc5a800, 0x000001fd3bc5b000, 0x000001fd3bfe5000, 0x000001fd3be43800,
0x000001fd3be3d000, 0x000001fd3be40800, 0x000001fd1cca6800, 0x000001fd45e4d800,
0x000001fd45dda800, 0x000001fd46240800
}

Java Threads: ( => current thread )
  0x000001fd3b110000 JavaThread "Reference Handler" daemon [_thread_blocked, id=12772, stack(0x00000049f1e00000,0x00000049f1f00000)]
  0x000001fd3b112000 JavaThread "Finalizer" daemon [_thread_blocked, id=14440, stack(0x00000049f1f00000,0x00000049f2000000)]
  0x000001fd3b129800 JavaThread "Signal Dispatcher" daemon [_thread_blocked, id=9792, stack(0x00000049f2000000,0x00000049f2100000)]
  0x000001fd3b12b800 JavaThread "Attach Listener" daemon [_thread_blocked, id=16060, stack(0x00000049f2100000,0x00000049f2200000)]
=>0x000001fd3b12e000 JavaThread "C2 CompilerThread0" daemon [_thread_in_native, id=10708, stack(0x00000049f2200000,0x00000049f2300000)]
  0x000001fd3b13d800 JavaThread "C1 CompilerThread0" daemon [_thread_blocked, id=11064, stack(0x00000049f2300000,0x00000049f2400000)]
  0x000001fd3b133800 JavaThread "Sweeper thread" daemon [_thread_blocked, id=2184, stack(0x00000049f2400000,0x00000049f2500000)]
  0x000001fd3bb67000 JavaThread "Common-Cleaner" daemon [_thread_blocked, id=9156, stack(0x00000049f2500000,0x00000049f2600000)]
  0x000001fd3bc5a800 JavaThread "Monitor Ctrl-Break" daemon [_thread_in_native, id=19724, stack(0x00000049f2600000,0x00000049f2700000)]
  0x000001fd3bc5b000 JavaThread "Service Thread" daemon [_thread_blocked, id=3584, stack(0x00000049f2700000,0x00000049f2800000)]
  0x000001fd3bfe5000 JavaThread "Java2D Disposer" daemon [_thread_blocked, id=24688, stack(0x00000049f2900000,0x00000049f2a00000)]
  0x000001fd3be43800 JavaThread "AWT-Windows" daemon [_thread_in_native, id=15580, stack(0x00000049f2b00000,0x00000049f2c00000)]
  0x000001fd3be3d000 JavaThread "AWT-Shutdown" [_thread_blocked, id=8876, stack(0x00000049f2a00000,0x00000049f2b00000)]
  0x000001fd3be40800 JavaThread "AWT-EventQueue-0" [_thread_in_native, id=11140, stack(0x00000049f2e00000,0x00000049f2f00000)]
  0x000001fd1cca6800 JavaThread "DestroyJavaVM" [_thread_blocked, id=16660, stack(0x00000049f1700000,0x00000049f1800000)]
  0x000001fd45e4d800 JavaThread "D3D Screen Updater" daemon [_thread_blocked, id=7896, stack(0x00000049f2f00000,0x00000049f3000000)]
  0x000001fd45dda800 JavaThread "Thread-0" [_thread_blocked, id=19948, stack(0x00000049f3000000,0x00000049f3100000)]
  0x000001fd46240800 JavaThread "C2 CompilerThread1" daemon [_thread_in_native, id=14312, stack(0x00000049f3410000,0x00000049f3510000)]

Other Threads:
  0x000001fd3b10a000 VMThread "VM Thread" [stack: 0x00000049f1d00000,0x00000049f1e00000] [id=23124]
  0x000001fd3bc62800 WatcherThread [stack: 0x00000049f2800000,0x00000049f2900000] [id=14192]
  0x000001fd1cce4800 GCTaskThread "GC Thread#0" [stack: 0x00000049f1800000,0x00000049f1900000] [id=9736]
  0x000001fd465e3800 GCTaskThread "GC Thread#1" [stack: 0x00000049f3110000,0x00000049f3210000] [id=17748]
  0x000001fd46277000 GCTaskThread "GC Thread#2" [stack: 0x00000049f3210000,0x00000049f3310000] [id=4856]
  0x000001fd460d3800 GCTaskThread "GC Thread#3" [stack: 0x00000049f3310000,0x00000049f3410000] [id=22824]
  0x000001fd1ccf5800 ConcurrentGCThread "G1 Main Marker" [stack: 0x00000049f1900000,0x00000049f1a00000] [id=10036]
  0x000001fd1ccf9800 ConcurrentGCThread "G1 Conc#0" [stack: 0x00000049f1a00000,0x00000049f1b00000] [id=15220]
  0x000001fd3af90800 ConcurrentGCThread "G1 Refine#0" [stack: 0x00000049f1b00000,0x00000049f1c00000] [id=25552]
  0x000001fd3af91800 ConcurrentGCThread "G1 Young RemSet Sampling" [stack: 0x00000049f1c00000,0x00000049f1d00000] [id=1276]

Threads with active compile tasks:
C2 CompilerThread0  1294   !   4       sun.java2d.pipe.DrawImage::renderImageCopy (147 bytes)
C2 CompilerThread1  1309       4       sun.java2d.SunGraphics2D::drawImage (11 bytes)

VM state:not at safepoint (normal execution)

VM Mutex/Monitor currently owned by a thread: None

Heap address: 0x0000000080e00000, size: 2034 MB, Compressed Oops mode: 32-bit
Narrow klass base: 0x0000000800000000, Narrow klass shift: 3
Compressed class space size: 1073741824 Address: 0x0000000801190000

Heap:
 garbage-first heap   total 131072K, used 34677K [0x0000000080e00000, 0x0000000100000000)
  region size 1024K, 6 young (6144K), 2 survivors (2048K)
 Metaspace       used 9263K, capacity 9566K, committed 9728K, reserved 1058816K
  class space    used 1003K, capacity 1173K, committed 1280K, reserved 1048576K
Heap Regions: E=young(eden), S=young(survivor), O=old, HS=humongous(starts), HC=humongous(continues), CS=collection set, F=free, A=archive, TAMS=top-at-mark-start (previous, next)
|   0|0x0000000080e00000, 0x0000000080f00000, 0x0000000080f00000|100%|HS|  |TAMS 0x0000000080e00000, 0x0000000080e00000| Complete 
|   1|0x0000000080f00000, 0x0000000081000000, 0x0000000081000000|100%|HC|  |TAMS 0x0000000080f00000, 0x0000000080f00000| Complete 
|   2|0x0000000081000000, 0x0000000081100000, 0x0000000081100000|100%|HS|  |TAMS 0x0000000081000000, 0x0000000081000000| Complete 
|   3|0x0000000081100000, 0x0000000081200000, 0x0000000081200000|100%|HC|  |TAMS 0x0000000081100000, 0x0000000081100000| Complete 
|   4|0x0000000081200000, 0x0000000081300000, 0x0000000081300000|100%|HC|  |TAMS 0x0000000081200000, 0x0000000081200000| Complete 
|   5|0x0000000081300000, 0x0000000081400000, 0x0000000081400000|100%|HC|  |TAMS 0x0000000081300000, 0x0000000081300000| Complete 
|   6|0x0000000081400000, 0x0000000081500000, 0x0000000081500000|100%|HC|  |TAMS 0x0000000081400000, 0x0000000081400000| Complete 
|   7|0x0000000081500000, 0x0000000081600000, 0x0000000081600000|100%|HC|  |TAMS 0x0000000081500000, 0x0000000081500000| Complete 
|   8|0x0000000081600000, 0x0000000081700000, 0x0000000081700000|100%|HC|  |TAMS 0x0000000081600000, 0x0000000081600000| Complete 
|   9|0x0000000081700000, 0x0000000081800000, 0x0000000081800000|100%|HC|  |TAMS 0x0000000081700000, 0x0000000081700000| Complete 
|  10|0x0000000081800000, 0x0000000081900000, 0x0000000081900000|100%|HC|  |TAMS 0x0000000081800000, 0x0000000081800000| Complete 
|  11|0x0000000081900000, 0x0000000081a00000, 0x0000000081a00000|100%|HC|  |TAMS 0x0000000081900000, 0x0000000081900000| Complete 
|  12|0x0000000081a00000, 0x0000000081b00000, 0x0000000081b00000|100%|HC|  |TAMS 0x0000000081a00000, 0x0000000081a00000| Complete 
|  13|0x0000000081b00000, 0x0000000081c00000, 0x0000000081c00000|100%|HC|  |TAMS 0x0000000081b00000, 0x0000000081b00000| Complete 
|  14|0x0000000081c00000, 0x0000000081d00000, 0x0000000081d00000|100%|HC|  |TAMS 0x0000000081c00000, 0x0000000081c00000| Complete 
|  15|0x0000000081d00000, 0x0000000081e00000, 0x0000000081e00000|100%|HC|  |TAMS 0x0000000081d00000, 0x0000000081d00000| Complete 
|  16|0x0000000081e00000, 0x0000000081f00000, 0x0000000081f00000|100%|HC|  |TAMS 0x0000000081e00000, 0x0000000081e00000| Complete 
|  17|0x0000000081f00000, 0x0000000082000000, 0x0000000082000000|100%|HC|  |TAMS 0x0000000081f00000, 0x0000000081f00000| Complete 
|  18|0x0000000082000000, 0x0000000082100000, 0x0000000082100000|100%|HC|  |TAMS 0x0000000082000000, 0x0000000082000000| Complete 
|  19|0x0000000082100000, 0x0000000082200000, 0x0000000082200000|100%|HC|  |TAMS 0x0000000082100000, 0x0000000082100000| Complete 
|  20|0x0000000082200000, 0x0000000082300000, 0x0000000082300000|100%|HS|  |TAMS 0x0000000082200000, 0x0000000082200000| Complete 
|  21|0x0000000082300000, 0x0000000082400000, 0x0000000082400000|100%|HC|  |TAMS 0x0000000082300000, 0x0000000082300000| Complete 
|  22|0x0000000082400000, 0x0000000082500000, 0x0000000082500000|100%|HS|  |TAMS 0x0000000082400000, 0x0000000082400000| Complete 
|  23|0x0000000082500000, 0x0000000082600000, 0x0000000082600000|100%|HC|  |TAMS 0x0000000082500000, 0x0000000082500000| Complete 
|  24|0x0000000082600000, 0x0000000082700000, 0x0000000082700000|100%|HS|  |TAMS 0x0000000082600000, 0x0000000082600000| Complete 
|  25|0x0000000082700000, 0x0000000082800000, 0x0000000082800000|100%|HC|  |TAMS 0x0000000082700000, 0x0000000082700000| Complete 
|  26|0x0000000082800000, 0x0000000082900000, 0x0000000082900000|100%|HS|  |TAMS 0x0000000082800000, 0x0000000082800000| Complete 
|  27|0x0000000082900000, 0x0000000082a00000, 0x0000000082a00000|100%|HC|  |TAMS 0x0000000082900000, 0x0000000082900000| Complete 
|  28|0x0000000082a00000, 0x0000000082add600, 0x0000000082b00000| 86%| O|  |TAMS 0x0000000082a00000, 0x0000000082a00000| Untracked 
|  29|0x0000000082b00000, 0x0000000082b00000, 0x0000000082c00000|  0%| F|  |TAMS 0x0000000082b00000, 0x0000000082b00000| Untracked 
|  30|0x0000000082c00000, 0x0000000082c00000, 0x0000000082d00000|  0%| F|  |TAMS 0x0000000082c00000, 0x0000000082c00000| Untracked 
|  31|0x0000000082d00000, 0x0000000082d00000, 0x0000000082e00000|  0%| F|  |TAMS 0x0000000082d00000, 0x0000000082d00000| Untracked 
|  32|0x0000000082e00000, 0x0000000082e00000, 0x0000000082f00000|  0%| F|  |TAMS 0x0000000082e00000, 0x0000000082e00000| Untracked 
|  33|0x0000000082f00000, 0x0000000082f00000, 0x0000000083000000|  0%| F|  |TAMS 0x0000000082f00000, 0x0000000082f00000| Untracked 
|  34|0x0000000083000000, 0x0000000083000000, 0x0000000083100000|  0%| F|  |TAMS 0x0000000083000000, 0x0000000083000000| Untracked 
|  35|0x0000000083100000, 0x0000000083100000, 0x0000000083200000|  0%| F|  |TAMS 0x0000000083100000, 0x0000000083100000| Untracked 
|  36|0x0000000083200000, 0x0000000083200000, 0x0000000083300000|  0%| F|  |TAMS 0x0000000083200000, 0x0000000083200000| Untracked 
|  37|0x0000000083300000, 0x0000000083300000, 0x0000000083400000|  0%| F|  |TAMS 0x0000000083300000, 0x0000000083300000| Untracked 
|  38|0x0000000083400000, 0x0000000083400000, 0x0000000083500000|  0%| F|  |TAMS 0x0000000083400000, 0x0000000083400000| Untracked 
|  39|0x0000000083500000, 0x0000000083500000, 0x0000000083600000|  0%| F|  |TAMS 0x0000000083500000, 0x0000000083500000| Untracked 
|  40|0x0000000083600000, 0x0000000083600000, 0x0000000083700000|  0%| F|  |TAMS 0x0000000083600000, 0x0000000083600000| Untracked 
|  41|0x0000000083700000, 0x0000000083700000, 0x0000000083800000|  0%| F|  |TAMS 0x0000000083700000, 0x0000000083700000| Untracked 
|  42|0x0000000083800000, 0x0000000083800000, 0x0000000083900000|  0%| F|  |TAMS 0x0000000083800000, 0x0000000083800000| Untracked 
|  43|0x0000000083900000, 0x0000000083900000, 0x0000000083a00000|  0%| F|  |TAMS 0x0000000083900000, 0x0000000083900000| Untracked 
|  44|0x0000000083a00000, 0x0000000083a00000, 0x0000000083b00000|  0%| F|  |TAMS 0x0000000083a00000, 0x0000000083a00000| Untracked 
|  45|0x0000000083b00000, 0x0000000083b00000, 0x0000000083c00000|  0%| F|  |TAMS 0x0000000083b00000, 0x0000000083b00000| Untracked 
|  46|0x0000000083c00000, 0x0000000083c00000, 0x0000000083d00000|  0%| F|  |TAMS 0x0000000083c00000, 0x0000000083c00000| Untracked 
|  47|0x0000000083d00000, 0x0000000083d00000, 0x0000000083e00000|  0%| F|  |TAMS 0x0000000083d00000, 0x0000000083d00000| Untracked 
|  48|0x0000000083e00000, 0x0000000083e00000, 0x0000000083f00000|  0%| F|  |TAMS 0x0000000083e00000, 0x0000000083e00000| Untracked 
|  49|0x0000000083f00000, 0x0000000083f00000, 0x0000000084000000|  0%| F|  |TAMS 0x0000000083f00000, 0x0000000083f00000| Untracked 
|  50|0x0000000084000000, 0x0000000084000000, 0x0000000084100000|  0%| F|  |TAMS 0x0000000084000000, 0x0000000084000000| Untracked 
|  51|0x0000000084100000, 0x0000000084100000, 0x0000000084200000|  0%| F|  |TAMS 0x0000000084100000, 0x0000000084100000| Untracked 
|  52|0x0000000084200000, 0x0000000084200000, 0x0000000084300000|  0%| F|  |TAMS 0x0000000084200000, 0x0000000084200000| Untracked 
|  53|0x0000000084300000, 0x0000000084300000, 0x0000000084400000|  0%| F|  |TAMS 0x0000000084300000, 0x0000000084300000| Untracked 
|  54|0x0000000084400000, 0x0000000084400000, 0x0000000084500000|  0%| F|  |TAMS 0x0000000084400000, 0x0000000084400000| Untracked 
|  55|0x0000000084500000, 0x0000000084500000, 0x0000000084600000|  0%| F|  |TAMS 0x0000000084500000, 0x0000000084500000| Untracked 
|  56|0x0000000084600000, 0x0000000084600000, 0x0000000084700000|  0%| F|  |TAMS 0x0000000084600000, 0x0000000084600000| Untracked 
|  57|0x0000000084700000, 0x0000000084700000, 0x0000000084800000|  0%| F|  |TAMS 0x0000000084700000, 0x0000000084700000| Untracked 
|  58|0x0000000084800000, 0x0000000084800000, 0x0000000084900000|  0%| F|  |TAMS 0x0000000084800000, 0x0000000084800000| Untracked 
|  59|0x0000000084900000, 0x0000000084900000, 0x0000000084a00000|  0%| F|  |TAMS 0x0000000084900000, 0x0000000084900000| Untracked 
|  60|0x0000000084a00000, 0x0000000084a00000, 0x0000000084b00000|  0%| F|  |TAMS 0x0000000084a00000, 0x0000000084a00000| Untracked 
|  61|0x0000000084b00000, 0x0000000084b00000, 0x0000000084c00000|  0%| F|  |TAMS 0x0000000084b00000, 0x0000000084b00000| Untracked 
|  62|0x0000000084c00000, 0x0000000084c00000, 0x0000000084d00000|  0%| F|  |TAMS 0x0000000084c00000, 0x0000000084c00000| Untracked 
|  63|0x0000000084d00000, 0x0000000084d00000, 0x0000000084e00000|  0%| F|  |TAMS 0x0000000084d00000, 0x0000000084d00000| Untracked 
|  64|0x0000000084e00000, 0x0000000084e00000, 0x0000000084f00000|  0%| F|  |TAMS 0x0000000084e00000, 0x0000000084e00000| Untracked 
|  65|0x0000000084f00000, 0x0000000084f00000, 0x0000000085000000|  0%| F|  |TAMS 0x0000000084f00000, 0x0000000084f00000| Untracked 
|  66|0x0000000085000000, 0x0000000085000000, 0x0000000085100000|  0%| F|  |TAMS 0x0000000085000000, 0x0000000085000000| Untracked 
|  67|0x0000000085100000, 0x0000000085100000, 0x0000000085200000|  0%| F|  |TAMS 0x0000000085100000, 0x0000000085100000| Untracked 
|  68|0x0000000085200000, 0x0000000085200000, 0x0000000085300000|  0%| F|  |TAMS 0x0000000085200000, 0x0000000085200000| Untracked 
|  69|0x0000000085300000, 0x0000000085300000, 0x0000000085400000|  0%| F|  |TAMS 0x0000000085300000, 0x0000000085300000| Untracked 
|  70|0x0000000085400000, 0x0000000085400000, 0x0000000085500000|  0%| F|  |TAMS 0x0000000085400000, 0x0000000085400000| Untracked 
|  71|0x0000000085500000, 0x0000000085500000, 0x0000000085600000|  0%| F|  |TAMS 0x0000000085500000, 0x0000000085500000| Untracked 
|  72|0x0000000085600000, 0x0000000085600000, 0x0000000085700000|  0%| F|  |TAMS 0x0000000085600000, 0x0000000085600000| Untracked 
|  73|0x0000000085700000, 0x0000000085700000, 0x0000000085800000|  0%| F|  |TAMS 0x0000000085700000, 0x0000000085700000| Untracked 
|  74|0x0000000085800000, 0x0000000085800000, 0x0000000085900000|  0%| F|  |TAMS 0x0000000085800000, 0x0000000085800000| Untracked 
|  75|0x0000000085900000, 0x0000000085900000, 0x0000000085a00000|  0%| F|  |TAMS 0x0000000085900000, 0x0000000085900000| Untracked 
|  76|0x0000000085a00000, 0x0000000085a00000, 0x0000000085b00000|  0%| F|  |TAMS 0x0000000085a00000, 0x0000000085a00000| Untracked 
|  77|0x0000000085b00000, 0x0000000085b00000, 0x0000000085c00000|  0%| F|  |TAMS 0x0000000085b00000, 0x0000000085b00000| Untracked 
|  78|0x0000000085c00000, 0x0000000085c00000, 0x0000000085d00000|  0%| F|  |TAMS 0x0000000085c00000, 0x0000000085c00000| Untracked 
|  79|0x0000000085d00000, 0x0000000085d00000, 0x0000000085e00000|  0%| F|  |TAMS 0x0000000085d00000, 0x0000000085d00000| Untracked 
|  80|0x0000000085e00000, 0x0000000085e00000, 0x0000000085f00000|  0%| F|  |TAMS 0x0000000085e00000, 0x0000000085e00000| Untracked 
|  81|0x0000000085f00000, 0x0000000085f00000, 0x0000000086000000|  0%| F|  |TAMS 0x0000000085f00000, 0x0000000085f00000| Untracked 
|  82|0x0000000086000000, 0x0000000086000000, 0x0000000086100000|  0%| F|  |TAMS 0x0000000086000000, 0x0000000086000000| Untracked 
|  83|0x0000000086100000, 0x0000000086100000, 0x0000000086200000|  0%| F|  |TAMS 0x0000000086100000, 0x0000000086100000| Untracked 
|  84|0x0000000086200000, 0x0000000086200000, 0x0000000086300000|  0%| F|  |TAMS 0x0000000086200000, 0x0000000086200000| Untracked 
|  85|0x0000000086300000, 0x0000000086300000, 0x0000000086400000|  0%| F|  |TAMS 0x0000000086300000, 0x0000000086300000| Untracked 
|  86|0x0000000086400000, 0x0000000086400000, 0x0000000086500000|  0%| F|  |TAMS 0x0000000086400000, 0x0000000086400000| Untracked 
|  87|0x0000000086500000, 0x0000000086500000, 0x0000000086600000|  0%| F|  |TAMS 0x0000000086500000, 0x0000000086500000| Untracked 
|  88|0x0000000086600000, 0x0000000086600000, 0x0000000086700000|  0%| F|  |TAMS 0x0000000086600000, 0x0000000086600000| Untracked 
|  89|0x0000000086700000, 0x0000000086700000, 0x0000000086800000|  0%| F|  |TAMS 0x0000000086700000, 0x0000000086700000| Untracked 
|  90|0x0000000086800000, 0x0000000086800000, 0x0000000086900000|  0%| F|  |TAMS 0x0000000086800000, 0x0000000086800000| Untracked 
|  91|0x0000000086900000, 0x0000000086900000, 0x0000000086a00000|  0%| F|  |TAMS 0x0000000086900000, 0x0000000086900000| Untracked 
|  92|0x0000000086a00000, 0x0000000086a00000, 0x0000000086b00000|  0%| F|  |TAMS 0x0000000086a00000, 0x0000000086a00000| Untracked 
|  93|0x0000000086b00000, 0x0000000086b00000, 0x0000000086c00000|  0%| F|  |TAMS 0x0000000086b00000, 0x0000000086b00000| Untracked 
|  94|0x0000000086c00000, 0x0000000086c00000, 0x0000000086d00000|  0%| F|  |TAMS 0x0000000086c00000, 0x0000000086c00000| Untracked 
|  95|0x0000000086d00000, 0x0000000086d00000, 0x0000000086e00000|  0%| F|  |TAMS 0x0000000086d00000, 0x0000000086d00000| Untracked 
|  96|0x0000000086e00000, 0x0000000086e00000, 0x0000000086f00000|  0%| F|  |TAMS 0x0000000086e00000, 0x0000000086e00000| Untracked 
|  97|0x0000000086f00000, 0x0000000086f00000, 0x0000000087000000|  0%| F|  |TAMS 0x0000000086f00000, 0x0000000086f00000| Untracked 
|  98|0x0000000087000000, 0x0000000087000000, 0x0000000087100000|  0%| F|  |TAMS 0x0000000087000000, 0x0000000087000000| Untracked 
|  99|0x0000000087100000, 0x0000000087100000, 0x0000000087200000|  0%| F|  |TAMS 0x0000000087100000, 0x0000000087100000| Untracked 
| 100|0x0000000087200000, 0x0000000087200000, 0x0000000087300000|  0%| F|  |TAMS 0x0000000087200000, 0x0000000087200000| Untracked 
| 101|0x0000000087300000, 0x0000000087300000, 0x0000000087400000|  0%| F|  |TAMS 0x0000000087300000, 0x0000000087300000| Untracked 
| 102|0x0000000087400000, 0x0000000087400000, 0x0000000087500000|  0%| F|  |TAMS 0x0000000087400000, 0x0000000087400000| Untracked 
| 103|0x0000000087500000, 0x0000000087500000, 0x0000000087600000|  0%| F|  |TAMS 0x0000000087500000, 0x0000000087500000| Untracked 
| 104|0x0000000087600000, 0x0000000087600000, 0x0000000087700000|  0%| F|  |TAMS 0x0000000087600000, 0x0000000087600000| Untracked 
| 105|0x0000000087700000, 0x0000000087700000, 0x0000000087800000|  0%| F|  |TAMS 0x0000000087700000, 0x0000000087700000| Untracked 
| 106|0x0000000087800000, 0x0000000087800000, 0x0000000087900000|  0%| F|  |TAMS 0x0000000087800000, 0x0000000087800000| Untracked 
| 107|0x0000000087900000, 0x0000000087900000, 0x0000000087a00000|  0%| F|  |TAMS 0x0000000087900000, 0x0000000087900000| Untracked 
| 108|0x0000000087a00000, 0x0000000087a00000, 0x0000000087b00000|  0%| F|  |TAMS 0x0000000087a00000, 0x0000000087a00000| Untracked 
| 109|0x0000000087b00000, 0x0000000087b00000, 0x0000000087c00000|  0%| F|  |TAMS 0x0000000087b00000, 0x0000000087b00000| Untracked 
| 110|0x0000000087c00000, 0x0000000087c00000, 0x0000000087d00000|  0%| F|  |TAMS 0x0000000087c00000, 0x0000000087c00000| Untracked 
| 111|0x0000000087d00000, 0x0000000087d00000, 0x0000000087e00000|  0%| F|  |TAMS 0x0000000087d00000, 0x0000000087d00000| Untracked 
| 112|0x0000000087e00000, 0x0000000087f00000, 0x0000000087f00000|100%| S|CS|TAMS 0x0000000087e00000, 0x0000000087e00000| Complete 
| 113|0x0000000087f00000, 0x0000000088000000, 0x0000000088000000|100%| S|CS|TAMS 0x0000000087f00000, 0x0000000087f00000| Complete 
| 114|0x0000000088000000, 0x0000000088000000, 0x0000000088100000|  0%| F|  |TAMS 0x0000000088000000, 0x0000000088000000| Untracked 
| 115|0x0000000088100000, 0x0000000088100000, 0x0000000088200000|  0%| F|  |TAMS 0x0000000088100000, 0x0000000088100000| Untracked 
| 116|0x0000000088200000, 0x0000000088200000, 0x0000000088300000|  0%| F|  |TAMS 0x0000000088200000, 0x0000000088200000| Untracked 
| 117|0x0000000088300000, 0x0000000088300000, 0x0000000088400000|  0%| F|  |TAMS 0x0000000088300000, 0x0000000088300000| Untracked 
| 118|0x0000000088400000, 0x0000000088400000, 0x0000000088500000|  0%| F|  |TAMS 0x0000000088400000, 0x0000000088400000| Untracked 
| 119|0x0000000088500000, 0x0000000088500000, 0x0000000088600000|  0%| F|  |TAMS 0x0000000088500000, 0x0000000088500000| Untracked 
| 120|0x0000000088600000, 0x0000000088600000, 0x0000000088700000|  0%| F|  |TAMS 0x0000000088600000, 0x0000000088600000| Untracked 
| 121|0x0000000088700000, 0x0000000088700000, 0x0000000088800000|  0%| F|  |TAMS 0x0000000088700000, 0x0000000088700000| Untracked 
| 122|0x0000000088800000, 0x0000000088800000, 0x0000000088900000|  0%| F|  |TAMS 0x0000000088800000, 0x0000000088800000| Untracked 
| 123|0x0000000088900000, 0x0000000088900000, 0x0000000088a00000|  0%| F|  |TAMS 0x0000000088900000, 0x0000000088900000| Untracked 
| 124|0x0000000088a00000, 0x0000000088a80800, 0x0000000088b00000| 50%| E|  |TAMS 0x0000000088a00000, 0x0000000088a00000| Complete 
| 125|0x0000000088b00000, 0x0000000088c00000, 0x0000000088c00000|100%| E|CS|TAMS 0x0000000088b00000, 0x0000000088b00000| Complete 
| 126|0x0000000088c00000, 0x0000000088d00000, 0x0000000088d00000|100%| E|CS|TAMS 0x0000000088c00000, 0x0000000088c00000| Complete 
| 127|0x0000000088d00000, 0x0000000088e00000, 0x0000000088e00000|100%| E|CS|TAMS 0x0000000088d00000, 0x0000000088d00000| Complete 

Card table byte_map: [0x000001fd344b0000,0x000001fd348b0000] _byte_map_base: 0x000001fd340a9000

Marking Bits (Prev, Next): (CMBitMap*) 0x000001fd1cce59b8, (CMBitMap*) 0x000001fd1cce59f8
 Prev Bits: [0x000001fd34cb0000, 0x000001fd36c78000)
 Next Bits: [0x000001fd36c80000, 0x000001fd38c48000)

Polling page: 0x000001fd1ab40000

Metaspace:

Usage:
  Non-class:      8.26 MB capacity,     8.07 MB ( 98%) used,   161.81 KB (  2%) free+waste,    30.56 KB ( <1%) overhead. 
      Class:      1.15 MB capacity,  1003.30 KB ( 86%) used,   151.70 KB ( 13%) free+waste,    18.00 KB (  2%) overhead. 
       Both:      9.40 MB capacity,     9.05 MB ( 96%) used,   313.51 KB (  3%) free+waste,    48.56 KB ( <1%) overhead. 

Virtual space:
  Non-class space:       10.00 MB reserved,       8.50 MB ( 85%) committed 
      Class space:        1.00 GB reserved,       1.25 MB ( <1%) committed 
             Both:        1.01 GB reserved,       9.75 MB ( <1%) committed 

Chunk freelists:
   Non-Class:  6.88 KB
       Class:  1.38 KB
        Both:  8.25 KB

CodeHeap 'non-profiled nmethods': size=120064Kb used=475Kb max_used=475Kb free=119588Kb
 bounds [0x000001fd2cb70000, 0x000001fd2cde0000, 0x000001fd340b0000]
CodeHeap 'profiled nmethods': size=120000Kb used=2409Kb max_used=2409Kb free=117590Kb
 bounds [0x000001fd25640000, 0x000001fd258b0000, 0x000001fd2cb70000]
CodeHeap 'non-nmethods': size=5696Kb used=1229Kb max_used=1260Kb free=4467Kb
 bounds [0x000001fd250b0000, 0x000001fd25320000, 0x000001fd25640000]
 total_blobs=2178 nmethods=1377 adapters=500
 compilation: enabled
              stopped_count=0, restarted_count=0
 full_count=0

Compilation events (10 events):
Event: 3.487 Thread 0x000001fd3b13d800 1304       3       sun.java2d.pipe.RenderQueue::ensureAlignment (28 bytes)
Event: 3.487 Thread 0x000001fd3b13d800 nmethod 1304 0x000001fd25885110 code [0x000001fd258852e0, 0x000001fd25885618]
Event: 3.492 Thread 0x000001fd3b13d800 1305       1       sun.java2d.d3d.D3DSurfaceData::getDefaultScaleX (5 bytes)
Event: 3.493 Thread 0x000001fd3b13d800 nmethod 1305 0x000001fd2cbdf210 code [0x000001fd2cbdf3c0, 0x000001fd2cbdf4f8]
Event: 3.493 Thread 0x000001fd3b13d800 1307       3       sun.java2d.pipe.RenderQueue::ensureCapacityAndAlignment (13 bytes)
Event: 3.493 Thread 0x000001fd3b13d800 nmethod 1307 0x000001fd25885790 code [0x000001fd258859a0, 0x000001fd25885f30]
Event: 3.493 Thread 0x000001fd3b13d800 1308       1       java.awt.geom.AffineTransform::getScaleY (5 bytes)
Event: 3.493 Thread 0x000001fd3b13d800 nmethod 1308 0x000001fd2cbdf590 code [0x000001fd2cbdf740, 0x000001fd2cbdf878]
Event: 3.493 Thread 0x000001fd3b13d800 1306       1       sun.java2d.d3d.D3DSurfaceData::getDefaultScaleY (5 bytes)
Event: 3.493 Thread 0x000001fd3b13d800 nmethod 1306 0x000001fd2cbdf910 code [0x000001fd2cbdfac0, 0x000001fd2cbdfbf8]

GC Heap History (2 events):
Event: 3.263 GC heap before
{Heap before GC invocations=0 (full 0):
 garbage-first heap   total 131072K, used 43008K [0x0000000080e00000, 0x0000000100000000)
  region size 1024K, 14 young (14336K), 0 survivors (0K)
 Metaspace       used 9201K, capacity 9566K, committed 9728K, reserved 1058816K
  class space    used 1003K, capacity 1173K, committed 1280K, reserved 1048576K
}
Event: 3.268 GC heap after
{Heap after GC invocations=1 (full 0):
 garbage-first heap   total 131072K, used 31605K [0x0000000080e00000, 0x0000000100000000)
  region size 1024K, 2 young (2048K), 2 survivors (2048K)
 Metaspace       used 9201K, capacity 9566K, committed 9728K, reserved 1058816K
  class space    used 1003K, capacity 1173K, committed 1280K, reserved 1048576K
}

Deoptimization events (10 events):
Event: 0.195 Thread 0x000001fd1cca6800 Uncommon trap: reason=class_check action=maybe_recompile pc=0x000001fd2cb7d7b4 method=java.util.HashMap.putVal(ILjava/lang/Object;Ljava/lang/Object;ZZ)Ljava/lang/Object; @ 152 c2
Event: 0.542 Thread 0x000001fd1cca6800 Uncommon trap: reason=unstable_if action=reinterpret pc=0x000001fd2cb97014 method=java.lang.StringLatin1.replace([BCC)Ljava/lang/String; @ 19 c2
Event: 0.564 Thread 0x000001fd1cca6800 Uncommon trap: reason=unstable_if action=reinterpret pc=0x000001fd2cb8cec0 method=java.util.HashMap.putVal(ILjava/lang/Object;Ljava/lang/Object;ZZ)Ljava/lang/Object; @ 181 c2
Event: 1.393 Thread 0x000001fd1cca6800 Uncommon trap: reason=unstable_if action=reinterpret pc=0x000001fd2cb9b790 method=java.nio.Buffer.hasRemaining()Z @ 8 c2
Event: 1.516 Thread 0x000001fd3be43800 Uncommon trap: reason=unstable_if action=reinterpret pc=0x000001fd2cb9f5ac method=java.util.HashMap.putVal(ILjava/lang/Object;Ljava/lang/Object;ZZ)Ljava/lang/Object; @ 81 c2
Event: 1.547 Thread 0x000001fd1cca6800 Uncommon trap: reason=unstable_if action=reinterpret pc=0x000001fd2cbaa948 method=java.lang.StringUTF16.compress([CI[BII)I @ 20 c2
Event: 3.143 Thread 0x000001fd45dda800 Uncommon trap: reason=profile_predicate action=maybe_recompile pc=0x000001fd2cbd0860 method=java.util.ArrayList.forEach(Ljava/util/function/Consumer;)V @ 29 c2
Event: 3.143 Thread 0x000001fd45dda800 Uncommon trap: reason=profile_predicate action=maybe_recompile pc=0x000001fd2cbd0860 method=java.util.ArrayList.forEach(Ljava/util/function/Consumer;)V @ 29 c2
Event: 3.143 Thread 0x000001fd45dda800 Uncommon trap: reason=profile_predicate action=maybe_recompile pc=0x000001fd2cbd0860 method=java.util.ArrayList.forEach(Ljava/util/function/Consumer;)V @ 29 c2
Event: 3.143 Thread 0x000001fd45dda800 Uncommon trap: reason=profile_predicate action=maybe_recompile pc=0x000001fd2cbd0860 method=java.util.ArrayList.forEach(Ljava/util/function/Consumer;)V @ 29 c2

Classes redefined (0 events):
No events

Internal exceptions (10 events):
Event: 0.487 Thread 0x000001fd1cca6800 Exception <a 'java/lang/NoSuchMethodError'{0x00000000889134d0}: java.lang.invoke.DirectMethodHandle$Holder.invokeStatic(Ljava/lang/Object;ILjava/lang/Object;Ljava/lang/Object;Ljava/lang/Object;Ljava/lang/Object;)Ljava/lang/Object;> (0x00000000889134d0) th
Event: 0.487 Thread 0x000001fd1cca6800 Exception <a 'java/lang/NoSuchMethodError'{0x000000008891a100}: java.lang.invoke.DirectMethodHandle$Holder.invokeStatic(Ljava/lang/Object;ILjava/lang/Object;Ljava/lang/Object;Ljava/lang/Object;)Ljava/lang/Object;> (0x000000008891a100) thrown at [t:/worksp
Event: 0.487 Thread 0x000001fd1cca6800 Exception <a 'java/lang/NoSuchMethodError'{0x000000008891d960}: java.lang.invoke.DirectMethodHandle$Holder.invokeSpecial(Ljava/lang/Object;Ljava/lang/Object;ILjava/lang/Object;Ljava/lang/Object;Ljava/lang/Object;)Ljava/lang/Object;> (0x000000008891d960) t
Event: 0.492 Thread 0x000001fd1cca6800 Exception <a 'java/lang/NoSuchMethodError'{0x0000000088933ce0}: java.lang.invoke.DirectMethodHandle$Holder.invokeStatic(Ljava/lang/Object;ILjava/lang/Object;)Ljava/lang/Object;> (0x0000000088933ce0) thrown at [t:/workspace/open/src/hotspot/share/interpret
Event: 0.520 Thread 0x000001fd1cca6800 Exception <a 'java/lang/ClassNotFoundException'{0x00000000889d7da8}: com/sun/swing/internal/plaf/metal/resources/spi/metalProvider> (0x00000000889d7da8) thrown at [t:/workspace/open/src/hotspot/share/classfile/systemDictionary.cpp, line 235]
Event: 0.521 Thread 0x000001fd1cca6800 Exception <a 'java/lang/ClassNotFoundException'{0x00000000889dc230}: com/sun/swing/internal/plaf/basic/resources/spi/basicProvider> (0x00000000889dc230) thrown at [t:/workspace/open/src/hotspot/share/classfile/systemDictionary.cpp, line 235]
Event: 0.568 Thread 0x000001fd1cca6800 Exception <a 'java/lang/NoSuchMethodError'{0x000000008886b100}: java.lang.invoke.DirectMethodHandle$Holder.invokeStaticInit(Ljava/lang/Object;IIII)Ljava/lang/Object;> (0x000000008886b100) thrown at [t:/workspace/open/src/hotspot/share/interpreter/linkReso
Event: 1.364 Thread 0x000001fd1cca6800 Exception <a 'java/lang/NoSuchMethodError'{0x00000000887af770}: java.lang.invoke.DirectMethodHandle$Holder.invokeStaticInit(Ljava/lang/Object;Ljava/lang/Object;IIII)Ljava/lang/Object;> (0x00000000887af770) thrown at [t:/workspace/open/src/hotspot/share/in
Event: 1.533 Thread 0x000001fd1cca6800 Exception <a 'java/lang/NoSuchMethodError'{0x00000000883798c8}: java.lang.invoke.DirectMethodHandle$Holder.invokeStaticInit(Ljava/lang/Object;)V> (0x00000000883798c8) thrown at [t:/workspace/open/src/hotspot/share/interpreter/linkResolver.cpp, line 777]
Event: 1.559 Thread 0x000001fd1cca6800 Exception <a 'java/lang/NoSuchMethodError'{0x000000008824ec08}: java.lang.invoke.Invokers$Holder.linkToTargetMethod(Ljava/lang/Object;ILjava/lang/Object;)Ljava/lang/Object;> (0x000000008824ec08) thrown at [t:/workspace/open/src/hotspot/share/interpreter/l

Events (10 events):
Event: 3.277 Executing VM operation: RevokeBias
Event: 3.277 Executing VM operation: RevokeBias done
Event: 3.277 Executing VM operation: RevokeBias
Event: 3.277 Executing VM operation: RevokeBias done
Event: 3.277 Executing VM operation: RevokeBias
Event: 3.277 Executing VM operation: RevokeBias done
Event: 3.278 Executing VM operation: RevokeBias
Event: 3.278 Executing VM operation: RevokeBias done
Event: 3.278 Executing VM operation: RevokeBias
Event: 3.278 Executing VM operation: RevokeBias done


Dynamic libraries:
0x00007ff729bd0000 - 0x00007ff729bdf000 	C:\Program Files\Java\jdk-12.0.2\bin\java.exe
0x00007ffc53ee0000 - 0x00007ffc540d0000 	C:\WINDOWS\SYSTEM32\ntdll.dll
0x00007ffc53c60000 - 0x00007ffc53d12000 	C:\WINDOWS\System32\KERNEL32.DLL
0x00007ffc51850000 - 0x00007ffc51af4000 	C:\WINDOWS\System32\KERNELBASE.dll
0x00007ffc51d70000 - 0x00007ffc51e6a000 	C:\WINDOWS\System32\ucrtbase.dll
0x00007ffc496d0000 - 0x00007ffc496e6000 	C:\Program Files\Java\jdk-12.0.2\bin\VCRUNTIME140.dll
0x00007ffc488b0000 - 0x00007ffc488c8000 	C:\Program Files\Java\jdk-12.0.2\bin\jli.dll
0x00007ffc521d0000 - 0x00007ffc52273000 	C:\WINDOWS\System32\ADVAPI32.dll
0x00007ffc53dd0000 - 0x00007ffc53e6e000 	C:\WINDOWS\System32\msvcrt.dll
0x00007ffc52100000 - 0x00007ffc52197000 	C:\WINDOWS\System32\sechost.dll
0x00007ffc52f60000 - 0x00007ffc53080000 	C:\WINDOWS\System32\RPCRT4.dll
0x00007ffc536f0000 - 0x00007ffc53884000 	C:\WINDOWS\System32\USER32.dll
0x00007ffc44650000 - 0x00007ffc448d4000 	C:\WINDOWS\WinSxS\amd64_microsoft.windows.common-controls_6595b64144ccf1df_6.0.18362.959_none_e6c7bbbf130c62bb\COMCTL32.dll
0x00007ffc51b00000 - 0x00007ffc51b21000 	C:\WINDOWS\System32\win32u.dll
0x00007ffc53c30000 - 0x00007ffc53c56000 	C:\WINDOWS\System32\GDI32.dll
0x00007ffc533b0000 - 0x00007ffc536e5000 	C:\WINDOWS\System32\combase.dll
0x00007ffc51b30000 - 0x00007ffc51cc6000 	C:\WINDOWS\System32\gdi32full.dll
0x00007ffc51e70000 - 0x00007ffc51ef0000 	C:\WINDOWS\System32\bcryptPrimitives.dll
0x00007ffc51cd0000 - 0x00007ffc51d6e000 	C:\WINDOWS\System32\msvcp_win.dll
0x00007ffc4a990000 - 0x00007ffc4a99a000 	C:\WINDOWS\SYSTEM32\VERSION.dll
0x00007ffc521a0000 - 0x00007ffc521ce000 	C:\WINDOWS\System32\IMM32.DLL
0x00007ffc40410000 - 0x00007ffc404ba000 	C:\Program Files\Java\jdk-12.0.2\bin\msvcp140.dll
0x00007ffc1c080000 - 0x00007ffc1cbf7000 	C:\Program Files\Java\jdk-12.0.2\bin\server\jvm.dll
0x00007ffc52a70000 - 0x00007ffc52a78000 	C:\WINDOWS\System32\PSAPI.DLL
0x00007ffc4db00000 - 0x00007ffc4db24000 	C:\WINDOWS\SYSTEM32\WINMM.dll
0x00007ffc4ce30000 - 0x00007ffc4ce39000 	C:\WINDOWS\SYSTEM32\WSOCK32.dll
0x00007ffc53890000 - 0x00007ffc538ff000 	C:\WINDOWS\System32\WS2_32.dll
0x00007ffc4daa0000 - 0x00007ffc4dacd000 	C:\WINDOWS\SYSTEM32\winmmbase.dll
0x00007ffc51ef0000 - 0x00007ffc51f3a000 	C:\WINDOWS\System32\cfgmgr32.dll
0x00007ffc50dc0000 - 0x00007ffc50dd1000 	C:\WINDOWS\System32\kernel.appcore.dll
0x00007ffc48860000 - 0x00007ffc48871000 	C:\Program Files\Java\jdk-12.0.2\bin\verify.dll
0x00007ffc3c920000 - 0x00007ffc3cb14000 	C:\WINDOWS\SYSTEM32\DBGHELP.DLL
0x00007ffc3be30000 - 0x00007ffc3be5a000 	C:\WINDOWS\SYSTEM32\dbgcore.DLL
0x00007ffc46870000 - 0x00007ffc46896000 	C:\Program Files\Java\jdk-12.0.2\bin\java.dll
0x00007ffc494d0000 - 0x00007ffc494de000 	C:\Program Files\Java\jdk-12.0.2\bin\instrument.dll
0x00007ffc48840000 - 0x00007ffc48857000 	C:\Program Files\Java\jdk-12.0.2\bin\zip.dll
0x00007ffc46860000 - 0x00007ffc4686a000 	C:\Program Files\Java\jdk-12.0.2\bin\jimage.dll
0x00007ffc52280000 - 0x00007ffc52966000 	C:\WINDOWS\System32\SHELL32.dll
0x00007ffc53d20000 - 0x00007ffc53dc9000 	C:\WINDOWS\System32\shcore.dll
0x00007ffc50f80000 - 0x00007ffc51702000 	C:\WINDOWS\System32\windows.storage.dll
0x00007ffc50de0000 - 0x00007ffc50e03000 	C:\WINDOWS\System32\profapi.dll
0x00007ffc50d70000 - 0x00007ffc50dba000 	C:\WINDOWS\System32\powrprof.dll
0x00007ffc50d60000 - 0x00007ffc50d70000 	C:\WINDOWS\System32\UMPDC.dll
0x00007ffc520a0000 - 0x00007ffc520f2000 	C:\WINDOWS\System32\shlwapi.dll
0x00007ffc51f40000 - 0x00007ffc51f57000 	C:\WINDOWS\System32\cryptsp.dll
0x00007ffc46840000 - 0x00007ffc46859000 	C:\Program Files\Java\jdk-12.0.2\bin\net.dll
0x00007ffc4b600000 - 0x00007ffc4b6f0000 	C:\WINDOWS\SYSTEM32\WINHTTP.dll
0x00007ffc42af0000 - 0x00007ffc42cc6000 	C:\WINDOWS\SYSTEM32\urlmon.dll
0x00007ffc448e0000 - 0x00007ffc44b86000 	C:\WINDOWS\SYSTEM32\iertutil.dll
0x00007ffc50740000 - 0x00007ffc5074c000 	C:\WINDOWS\SYSTEM32\CRYPTBASE.DLL
0x00007ffc50570000 - 0x00007ffc505d7000 	C:\WINDOWS\system32\mswsock.dll
0x00007ffc43310000 - 0x00007ffc43323000 	C:\Program Files\Java\jdk-12.0.2\bin\nio.dll
0x00007ffc3d1d0000 - 0x00007ffc3d1ea000 	C:\Program Files\JetBrains\IntelliJ IDEA 2019.3\bin\breakgen64.dll
0x00007ffc19050000 - 0x00007ffc191ef000 	C:\Program Files\Java\jdk-12.0.2\bin\awt.dll
0x00007ffc53080000 - 0x00007ffc53145000 	C:\WINDOWS\System32\OLEAUT32.dll
0x00007ffc4dbb0000 - 0x00007ffc4e170000 	C:\WINDOWS\SYSTEM32\d2d1.dll
0x00007ffc4f020000 - 0x00007ffc4f0af000 	C:\WINDOWS\SYSTEM32\apphelp.dll
0x00007ffc4f610000 - 0x00007ffc4f63d000 	C:\WINDOWS\system32\DWMAPI.DLL
0x00007ffc4f360000 - 0x00007ffc4f3f9000 	C:\WINDOWS\system32\uxtheme.dll
0x00007ffc106c0000 - 0x00007ffc10816000 	C:\WINDOWS\system32\opengl32.dll
0x00007ffc43a50000 - 0x00007ffc43a7c000 	C:\WINDOWS\SYSTEM32\GLU32.dll
0x00007ffc4fa40000 - 0x00007ffc4fa60000 	C:\WINDOWS\SYSTEM32\dxcore.dll
0x00007ffc51f60000 - 0x00007ffc52095000 	C:\WINDOWS\System32\MSCTF.dll
0x00007ffc539e0000 - 0x00007ffc53b37000 	C:\WINDOWS\System32\ole32.dll
0x00007ffc47cd0000 - 0x00007ffc47e97000 	C:\WINDOWS\system32\d3d9.dll
0x00007ffc468a0000 - 0x00007ffc4698e000 	C:\WINDOWS\System32\DriverStore\FileRepository\nv_dispi.inf_amd64_90685a092bcf58c7\nvldumdx.dll
0x00007ffc50e30000 - 0x00007ffc50f79000 	C:\WINDOWS\System32\crypt32.dll
0x00007ffc50e10000 - 0x00007ffc50e22000 	C:\WINDOWS\System32\MSASN1.dll
0x00007ffc517c0000 - 0x00007ffc5181c000 	C:\WINDOWS\System32\WINTRUST.DLL
0x00007ffc53b40000 - 0x00007ffc53b5d000 	C:\WINDOWS\System32\imagehlp.dll
0x00007ffc500e0000 - 0x00007ffc50113000 	C:\WINDOWS\system32\rsaenh.dll
0x00007ffc51820000 - 0x00007ffc51846000 	C:\WINDOWS\System32\bcrypt.dll
0x00007ffc04020000 - 0x00007ffc054bb000 	C:\WINDOWS\System32\DriverStore\FileRepository\nv_dispi.inf_amd64_90685a092bcf58c7\nvd3dumx.dll
0x00007ffc1d480000 - 0x00007ffc1d737000 	C:\WINDOWS\system32\nvspcap64.dll
0x00007ffc4fdc0000 - 0x00007ffc4fdf1000 	C:\WINDOWS\SYSTEM32\ntmarta.dll
0x00007ffc50c80000 - 0x00007ffc50ca5000 	C:\WINDOWS\SYSTEM32\USERENV.dll
0x00007ffc50280000 - 0x00007ffc502ba000 	C:\WINDOWS\SYSTEM32\IPHLPAPI.DLL
0x00007ffc52a80000 - 0x00007ffc52a88000 	C:\WINDOWS\System32\NSI.dll
0x00007ffc4ac80000 - 0x00007ffc4ac96000 	C:\WINDOWS\SYSTEM32\dhcpcsvc6.DLL
0x00007ffc4abf0000 - 0x00007ffc4ac0c000 	C:\WINDOWS\SYSTEM32\dhcpcsvc.DLL
0x00007ffc502c0000 - 0x00007ffc5038b000 	C:\WINDOWS\SYSTEM32\DNSAPI.dll
0x00007ffc23f60000 - 0x00007ffc23fe0000 	C:\Program Files\Java\jdk-12.0.2\bin\freetype.dll
0x00007ffc21630000 - 0x00007ffc216db000 	C:\Program Files\Java\jdk-12.0.2\bin\fontmanager.dll
0x00007ffc46f80000 - 0x00007ffc4701e000 	C:\WINDOWS\System32\TextInputFramework.dll
0x00007ffc4eef0000 - 0x00007ffc4efc4000 	C:\WINDOWS\System32\CoreMessaging.dll
0x00007ffc46c50000 - 0x00007ffc46f7a000 	C:\WINDOWS\System32\CoreUIComponents.dll
0x00007ffc4cf30000 - 0x00007ffc4d083000 	C:\WINDOWS\SYSTEM32\wintypes.dll

dbghelp: loaded successfully - version: 4.0.5 - missing functions: none
symbol engine: initialized successfully - sym options: 0x614 - pdb path: .;C:\Program Files\Java\jdk-12.0.2\bin;C:\WINDOWS\SYSTEM32;C:\WINDOWS\WinSxS\amd64_microsoft.windows.common-controls_6595b64144ccf1df_6.0.18362.959_none_e6c7bbbf130c62bb;C:\Program Files\Java\jdk-12.0.2\bin\server;C:\Program Files\JetBrains\IntelliJ IDEA 2019.3\bin;C:\WINDOWS\System32\DriverStore\FileRepository\nv_dispi.inf_amd64_90685a092bcf58c7

VM Arguments:
jvm_args: -javaagent:C:\Program Files\JetBrains\IntelliJ IDEA 2019.3\lib\idea_rt.jar=64766:C:\Program Files\JetBrains\IntelliJ IDEA 2019.3\bin -Dfile.encoding=UTF-8 
java_command: tankrotationexample.Launcher
java_class_path (initial): C:\Users\betti\Desktop\csc413-tankgame-chandlercruz\out\production\csc413-tankgame-chandlercruz
Launcher Type: SUN_STANDARD

[Global flags]
     intx CICompilerCount                          = 3                                         {product} {ergonomic}
     uint ConcGCThreads                            = 1                                         {product} {ergonomic}
     uint G1ConcRefinementThreads                  = 4                                         {product} {ergonomic}
   size_t G1HeapRegionSize                         = 1048576                                   {product} {ergonomic}
    uintx GCDrainStackTargetSize                   = 64                                        {product} {ergonomic}
   size_t InitialHeapSize                          = 134217728                                 {product} {ergonomic}
   size_t MarkStackSize                            = 4194304                                   {product} {ergonomic}
   size_t MaxHeapSize                              = 2132803584                                {product} {ergonomic}
   size_t MaxNewSize                               = 1279262720                                {product} {ergonomic}
   size_t MinHeapDeltaBytes                        = 1048576                                   {product} {ergonomic}
    uintx NonNMethodCodeHeapSize                   = 5830732                                {pd product} {ergonomic}
    uintx NonProfiledCodeHeapSize                  = 122913754                              {pd product} {ergonomic}
    uintx ProfiledCodeHeapSize                     = 122913754                              {pd product} {ergonomic}
    uintx ReservedCodeCacheSize                    = 251658240                              {pd product} {ergonomic}
     bool SegmentedCodeCache                       = true                                      {product} {ergonomic}
     bool UseCompressedClassPointers               = true                                 {lp64_product} {ergonomic}
     bool UseCompressedOops                        = true                                 {lp64_product} {ergonomic}
     bool UseG1GC                                  = true                                      {product} {ergonomic}
     bool UseLargePagesIndividualAllocation        = false                                  {pd product} {ergonomic}

Logging:
Log output configuration:
 #0: stdout all=warning uptime,level,tags
 #1: stderr all=off uptime,level,tags

Environment Variables:
PATH=C:\Program Files (x86)\Common Files\Intel\Shared Libraries\REDIST\INTEL64\COMPILER;C:\PROGRAM FILES (X86)\INTEL\ICLS CLIENT\;C:\PROGRAM FILES\INTEL\ICLS CLIENT\;C:\WINDOWS\SYSTEM32;C:\WINDOWS;C:\WINDOWS\SYSTEM32\WBEM;C:\WINDOWS\SYSTEM32\WINDOWSPOWERSHELL\V1.0\;C:\PROGRAM FILES (X86)\INTEL\INTEL(R) MANAGEMENT ENGINE COMPONENTS\DAL;C:\PROGRAM FILES\INTEL\INTEL(R) MANAGEMENT ENGINE COMPONENTS\DAL;C:\PROGRAM FILES (X86)\INTEL\INTEL(R) MANAGEMENT ENGINE COMPONENTS\IPT;C:\PROGRAM FILES\INTEL\INTEL(R) MANAGEMENT ENGINE COMPONENTS\IPT;C:\Program Files\WIDCOMM\Bluetooth Software\;C:\Program Files\WIDCOMM\Bluetooth Software\syswow64;C:\WINDOWS\system32;C:\WINDOWS;C:\WINDOWS\System32\Wbem;C:\WINDOWS\System32\WindowsPowerShell\v1.0\;C:\Program Files (x86)\GtkSharp\2.12\bin;C:\Program Files\dotnet\;C:\WINDOWS\System32\OpenSSH\;C:\Program Files\NVIDIA Corporation\NVIDIA NvDLISR;C:\Program Files\nodejs\;C:\Program Files\Git\cmd;C:\Program Files\MySQL\MySQL Shell 8.0\bin\;C:\Users\betti\AppData\Local\Microsoft\WindowsApps;;C:\Users\betti\AppData\Local\Programs\Microsoft VS Code\bin;C:\Users\betti\AppData\Roaming\npm
USERNAME=chandler
OS=Windows_NT
PROCESSOR_IDENTIFIER=Intel64 Family 6 Model 158 Stepping 9, GenuineIntel



---------------  S Y S T E M  ---------------

OS: Windows 10 , 64 bit Build 18362 (10.0.18362.959)

CPU:total 4 (initial active 4) (4 cores per cpu, 1 threads per core) family 6 model 158 stepping 9, cmov, cx8, fxsr, mmx, sse, sse2, sse3, ssse3, sse4.1, sse4.2, popcnt, avx, avx2, aes, clmul, erms, 3dnowpref, lzcnt, tsc, tscinvbit, bmi1, bmi2, adx, fma

Memory: 4k page, system-wide physical 8129M (969M free)
TotalPageFile size 32705M (AvailPageFile size 14M)
current process WorkingSet (physical memory assigned to process): 137M, peak: 137M
current process commit charge ("private bytes"): 269M, peak: 269M

vm_info: Java HotSpot(TM) 64-Bit Server VM (12.0.2+10) for windows-amd64 JRE (12.0.2+10), built on Jul 16 2019 01:56:17 by "mach5one" with MS VC++ 15.5 (VS2017)

END.
